<?xml version="1.0" encoding="UTF-8"?>
<testsuite name="CalculatorTest" tests="1" skipped="0" failures="0" errors="0" timestamp="2022-11-10T19:44:42" hostname="LAPTOP-D99RCU27" time="0.027">
  <properties/>
  <testcase name="composition()" classname="CalculatorTest" time="0.027"/>
  <system-out><![CDATA[]]></system-out>
  <system-err><![CDATA[]]></system-err>
</testsuite>
